<?xml version="1.0" encoding="UTF-8"?>
<!-- Generated by org.testng.reporters.JUnitXMLReporter -->
<testsuite hostname="LAPTOP-1LL282FT" ignored="0" name="Default test" tests="8" failures="0" timestamp="2023-03-10T17:21:59 IST" time="77.03" errors="0">
  <testcase name="logIn" time="3.269" classname="CaseStudy.MiniCaseStudy"/>
  <testcase name="addItem" time="6.159" classname="CaseStudy.MiniCaseStudy"/>
  <testcase name="manyItem" time="11.519" classname="CaseStudy.MiniCaseStudy"/>
  <testcase name="manyItem" time="12.33" classname="CaseStudy.MiniCaseStudy"/>
  <testcase name="manyItem" time="11.372" classname="CaseStudy.MiniCaseStudy"/>
  <testcase name="manyItem" time="11.334" classname="CaseStudy.MiniCaseStudy"/>
  <testcase name="deleteItem" time="5.014" classname="CaseStudy.MiniCaseStudy"/>
  <testcase name="purchaseproduct" time="9.93" classname="CaseStudy.MiniCaseStudy"/>
</testsuite> <!-- Default test -->
